<descriptor since="2.1" excludeFrom="jdk6">
  <description>
    Test stateful web service behavior.
  </description>
  <client href ="*.bsh" />
  <service />
</descriptor>
