<descriptor since="2.0">
  <description>This is a Provider test</description>
  <client sideEffectFree="true"><![CDATA[
        Bar bar = new Bar();
        bar.setAge(33);
        assertTrue(echoImplPort.echoString("test").equals("test"));
        assertTrue(echoImplPort.echoString("Mary & Paul").equals("Mary & Paul"));
        assertTrue(echoImplPort.echoBar(bar).getAge() == bar.getAge());
  ]]></client>


  <service basedir="./server">
  </service>

</descriptor>
