<descriptor since="2.1" bugs="JAX-WS-557">
  <description>
    Test JAXB annotations on Web Params
  </description>
  <client name="fromjava.jaxb_annotation">
      String s = "\t\rtest test\t";
      String exp = "  test test ";
      assertEquals(exp, echoPort.normalize(s));
      NormalizedString normStr = new NormalizedString();
      normStr.setNormalized(s);
      assertEquals(exp, echoPort.echo(normStr).getNormalized());

  </client>
  <service />
</descriptor>
