<descriptor since="2.2.6">
    <description>This is WebMethod test</description>

    <client name="private_no_validation" sideEffectFree="true">
        <description>No validation for 'non public' methods</description>
        <![CDATA[
    clazz = fromjava.webmethod.privateValidation.client.TestImpl.class;
    methods = clazz.getMethods();
    assertEquals(1, methods.length);
  ]]>
    </client>

    <service basedir="./server">
    </service>

</descriptor>
