<descriptor since="2.0">
    <description>XMIME test </description>
    <service basedir="./server">
        <wsdl href="hello.wsdl"/>
    </service>
</descriptor>
