<descriptor since="2.2.6" uses="ri">
    <description>Test for freezing port types</description>
</descriptor>
