<!--
Skipping this test because of
https://jaxp.dev.java.net/issues/show_bug.cgi?id=44
-->
<descriptor since="2.1.8" uses="ri" skip="true">
    <description>Schema Validaiton using separate schema file</description>

    <service basedir="./server">
        <wsdl href="AddNumbers.wsdl"/>
    </service>
</descriptor>
