<descriptor since="2.2.4">
  <description>Endpoint HttpContext test</description>

</descriptor>
