<descriptor>
  <description>WS-Addressing test</description>

  <service basedir="./server" />
</descriptor>
