<descriptor since="2.0">
  <description>This is a Provider test</description>
  <client href="./test.bsh" />
  <service basedir="./server">
  </service>
</descriptor>
