<descriptor since="2.1.7" transport="http" uses="ri">
    <description>MTOM large data test </description>

    <service basedir="./server">
        <wsdl href="hello.wsdl"/>
    </service>
</descriptor>
