<!-- Not yet fixed in 2.2.3 -->
<descriptor since="2.2.4">
  <description>This is a JAXWS 563 test</description>
  <service basedir="./server">
  </service>
</descriptor>
