<descriptor since="2.1.8">
  <description>This is a JAXWS 563 test</description>
  <service basedir="./server">
  </service>
</descriptor>
