<!-- Not yet fixed in 2.2.8 -->
<descriptor since="2.2.9">
  <description>This is a JAXWS 563 test</description>
  <service basedir="./server">
  </service>
</descriptor>
