<descriptor since="2.0" >
  <description>service api</description>

</descriptor>
