<descriptor since="2.0" uses="ri">
    <description>Endpoint API</description>
</descriptor>
