<descriptor since="2.0">
  <description>This is a fromwsdl swaref test</description>
  <service basedir="./server">
    <wsdl href="hello.wsdl"/>
  </service>
</descriptor>
