<!-- Not yet fixed in 2.2 -->
<descriptor since="2.1.8" excludeFrom="2.2">
  <description>test</description>
  <service basedir="./pak2">
  </service>
</descriptor>
