<descriptor since="2.1.3" transport="http">
    <description>MTOM large data test(primarily for JAX-WS in JDK)</description>

    <service basedir="./server">
        <wsdl href="hello.wsdl"/>
    </service>
</descriptor>
