<descriptor since="2.0">
  <description>This is a Provider test</description>
  <service basedir="./server">
  </service>

</descriptor>
