<descriptor since="2.1.8" transport="http">
  <description>This is a Provider test</description>

  <service basedir="./server">
    <wsdl href="hello_literal.wsdl"/>
  </service>

</descriptor>
