<descriptor since="2.1">
  <description>
    Google web service with dispatch
  </description>
</descriptor>
