<descriptor since="2.2.4" transport="http" uses="ri">
  <description>Cookie test</description>
  <service basedir="./server">
  </service>

</descriptor>
