<descriptor since="2.2.6" uses="ri">
    <description>SAAJ Message test 986</description>
</descriptor>
