<descriptor since="2.1">
    <description>
        Test to check that unncessary schema imports are generated in the generated wsdl.
        In this rpc-lit case where all the types are primtive, no extra schema is needed in the wsdl.
    </description>
    <client>
        import com.sun.xml.ws.util.DOMUtil;
        import org.w3c.dom.Node;
        import org.w3c.dom.Element;
        import org.w3c.dom.NodeList;
        
        File f = new File(home,"work/services/war/WEB-INF/wsdl/TestEndpointService.wsdl");
        InputStream is = new FileInputStream(f);
        assertTrue(is != null);

        Node node = DOMUtil.createDOMNode(is);
        Element elm = DOMUtil.getFirstElementChild(node);
        NodeList nl = elm.getElementsByTagNameNS("http://www.w3.org/2001/XMLSchema", "import");
        if(nl.getLength() > 0)
            System.out.println("Expected none but "+ nl.getLength()+" xs:import found!");
        assertTrue(nl.getLength() == 0);
                 
    </client>
    <service/>
</descriptor>
