<descriptor since="2.2">
  <description>
    Test multibyte service names
  </description>
  <client href ="*.bsh" />
  <service />
</descriptor>
