<descriptor since="2.1" uses="ri">
  <description>HeaderTest</description>

</descriptor>
