<descriptor since="2.2.6">
    <description>Test for freezing port types</description>
 
</descriptor>
