<descriptor since="2.2" transport="http">
    <description>WSA tests starting from Java testing action mapping</description>
    <service basedir="./server"/>
</descriptor>