<?xml version="1.0" encoding="UTF-8"?>
<!--

    DO NOT ALTER OR REMOVE COPYRIGHT NOTICES OR THIS HEADER.

    Copyright (c) 1997-2015 Oracle and/or its affiliates. All rights reserved.

    The contents of this file are subject to the terms of either the GNU
    General Public License Version 2 only ("GPL") or the Common Development
    and Distribution License("CDDL") (collectively, the "License").  You
    may not use this file except in compliance with the License.  You can
    obtain a copy of the License at
    http://glassfish.java.net/public/CDDL+GPL_1_1.html
    or packager/legal/LICENSE.txt.  See the License for the specific
    language governing permissions and limitations under the License.

    When distributing the software, include this License Header Notice in each
    file and include the License file at packager/legal/LICENSE.txt.

    GPL Classpath Exception:
    Oracle designates this particular file as subject to the "Classpath"
    exception as provided by Oracle in the GPL Version 2 section of the License
    file that accompanied this code.

    Modifications:
    If applicable, add the following below the License Header, with the fields
    enclosed by brackets [] replaced by your own identifying information:
    "Portions Copyright [year] [name of copyright owner]"

    Contributor(s):
    If you wish your version of this file to be governed by only the CDDL or
    only the GPL Version 2, indicate your decision by adding "[Contributor]
    elects to include this software in this distribution under the [CDDL or GPL
    Version 2] license."  If you don't indicate a single choice of license, a
    recipient has the option to distribute your version of this file under
    either the CDDL, the GPL Version 2 or to extend the choice of license to
    its licensees as provided above.  However, if you add GPL Version 2 code
    and therefore, elected the GPL Version 2 license, then the option applies
    only if the new code is made subject to such option by the copyright
    holder.

-->

<descriptor since="2.1" transport="http">
  <!--
    This test needs real clean up. All those constants are not used at all.
  -->
  <description>
    Testing ResponseContext
  </description>
  <service basedir="./server">
    <wsdl href="hello_literal.wsdl"/>
  </service>
  <client name="client.response-context1"><![CDATA[
    try {
      Hello_Type req = new Hello_Type();
      req.setArgument("foo");
      req.setExtra("bar");

      ((BindingProvider) helloPort).getRequestContext().put(
        BindingProvider.ENDPOINT_ADDRESS_PROPERTY, helloPortAddress.toString());

      HelloResponse response = helloPort.hello(req);
    } catch (Exception e) {
      Map rc = ((BindingProvider) helloPort).getResponseContext();
      assertNotNull(rc);
      assertNotNull(rc.get(javax.xml.ws.handler.MessageContext.HTTP_RESPONSE_CODE));
      assertEquals(200,rc.get(javax.xml.ws.handler.MessageContext.HTTP_RESPONSE_CODE));
    }
  ]]></client>
  <client name="client.response-context2"><![CDATA[
        assertNull(((BindingProvider)helloPort).getResponseContext());
  ]]></client>


  <!-- TODO: should be moved out to resources -->
  <pre-client><![CDATA[
    static String helloSM = "<soapenv:Envelope xmlns:soapenv=\"http://schemas.xmlsoap.org/soap/envelope/\"><soapenv:Body><Hello xmlns=\"urn:test:types\"><argument>foo</argument><extra>Test </extra></Hello></soapenv:Body></soapenv:Envelope>";
    static String helloResponseSM = "<soapenv:Envelope xmlns:soapenv=\"http://schemas.xmlsoap.org/soap/envelope/\"><soapenv:Body><HelloResponse xmlns=\"urn:test:types\"><argument>foo</argument><extra>Test </extra></HelloResponse></soapenv:Body></soapenv:Envelope>";
    static String helloMsg = "<Hello xmlns=\"urn:test:types\"><argument>foo</argument><extra>bar</extra></Hello>";
    static String helloMsgBadFoo = "<Hello xmlns=\"urn:test:types\"><argument>badfoo</argument><extra>bar</extra></Hello>";
    static String bad3helloMsg = "<Hello xmlns=\"urn:test\"><argument>foo</argument><extra>bar</extra></Hello>";

    static String badhelloMsg = "<Hello xmlns=\"urn:test:types\">.....<bar></Hello>";
    static String helloResponse = "<HelloResponse xmlns=\"urn:test:types\"><argument>foo</argument><extra>bar</extra></HelloResponse>";
    static String helloResponseRequest = "<HelloResponse xmlns=\"urn:test:types\"><argument>foo</argument><extra>bar</extra></HelloResponse>";

    static String voidMsg = "</VoidTest>";

    //should give RemoteException with jaxbException cause
    static String badvoidMsg = "<VoidTest xmlns=\"\"urn:test\"/>";
    static String voidResponse = "<VoidTestResponse xmlns=\"urn:test:types\"/>";

    static String bugTest2 = "<ns2:GetUserByID1 xmlns:ns2=\"http://example.com/auctiontraq/wsdl/rpclit\" xmlns:ns3=\"http://example.com/auctiontraq/schemas/rpclit\"><Body>rama.pulavarthi@sun.com</Body></ns2:GetUserByID1>";

    static String bugTest = "<GetUserByID1Response xmlns=\"http://example.com/auctiontraq/wsdl/rpclit\"><Body xmlns=\"\" userRating=\"5\"><ns1:name xmlns:ns1=\"http://example.com/auctiontraq/schemas/rpclit\"><ns1:fname>Rama</ns1:fname><ns1:lname>Pulavarthi</ns1:lname></ns1:name><ns2:dob xmlns:ns2=\"http://example.com/auctiontraq/schemas/rpclit\">1978-08-30-07:00</ns2:dob><ns3:age xmlns:ns3=\"http://example.com/auctiontraq/schemas/rpclit\">25</ns3:age><ns4:ssn xmlns:ns4=\"http://example.com/auctiontraq/schemas/rpclit\">123 456 7890</ns4:ssn><ns5:address xmlns:ns5=\"http://example.com/auctiontraq/schemas/rpclit\"><ns5:street>988 Henderson Ave</ns5:street><ns5:city>Sunnyvale</ns5:city><ns5:state>CA</ns5:state><ns5:country>USA</ns5:country><ns5:zipcode>94086</ns5:zipcode></ns5:address><ns6:email xmlns:ns6=\"http://example.com/auctiontraq/schemas/rpclit\">rama.pulavarthi@sun.com</ns6:email><ns7:password xmlns:ns7=\"http://example.com/auctiontraq/schemas/rpclit\">cGFzc3dvcmQ=</ns7:password><ns8:memberSince xmlns:ns8=\"http://example.com/auctiontraq/schemas/rpclit\">2000-08-24-07:00</ns8:memberSince><ns9:authenticated xmlns:ns9=\"http://example.com/auctiontraq/schemas/rpclit\">true</ns9:authenticated></Body></GetUserByID1Response>";
    static String sqeTest = "<Person xmlns:xsi=\"http://www.w3.org/2001/XMLSchema-instance\" xmlns=\"http://example.com/auctiontraq/schemas/doclit\" xsi:type=\"UserType\" userRating=\"5\"><name><fname>Rama</fname><lname>Pulavarthi</lname></name><ssn>123</ssn><ssn>456</ssn><ssn>7890</ssn><email>rama.pulavarthi@sun.com</email><password>cGFzc3dvcmQ=</password><memberSince>2000-08-24T11:05:35.000-07:00</memberSince><authenticated>true</authenticated></Person>";

    static String delayTest = "<delay xmlns=\"urn:test:types\"><interval>10000</interval></delay>";

    static Dispatch createDispatchJAXB() {
        Service service = Service.create(new QName("urn:test", "Hello"));
        JAXBContext context = createJAXBContext(ObjectFactory.class);
        QName portQName = new QName("urn:test", "HelloPort");
        service.addPort(portQName,
          "http://schemas.xmlsoap.org/wsdl/soap/http",
          helloPortAddress.toString());
        Dispatch dispatch = service.createDispatch(portQName, context, Service.Mode.PAYLOAD);
        return dispatch;
    }
  ]]></pre-client>
  <client name="client.response-context3"><![CDATA[
    Dispatch dispatch = createDispatchJAXB();
    try {
        Hello_Type req = new Hello_Type();
        req.setArgument("foo");
        req.setExtra("bar");

        dispatch.getRequestContext().put(BindingProvider.ENDPOINT_ADDRESS_PROPERTY, helloPortAddress.toString());
        dispatch.invoke(req);
    } catch (Exception e) {
        Map rc = dispatch.getResponseContext();
        assertEquals(200,rc.get(javax.xml.ws.handler.MessageContext.HTTP_RESPONSE_CODE));
    }
  ]]></client>
  <client name="client.response-context4"><![CDATA[
    Dispatch dispatch = createDispatchJAXB();
    assertNull(dispatch.getResponseContext());
  ]]></client>
  <client name="client.response-context5"><![CDATA[
  ]]></client>
  <client name="client.response-context6"><![CDATA[
  ]]></client>
  <client name="client.response-context7"><![CDATA[
  ]]></client>
  <client name="client.response-context8"><![CDATA[
  ]]></client>
</descriptor>
