<descriptor since="2.0">
    <description>This is a fromwsdl rpc/lit fault test</description>

    <client>
        <description>
            test echo3()
        </description>
        assertEquals(1, helloPort.echo3("1"));
    </client>

    <client>
        <description>
            test echo()
        </description>
        reqBody = new EchoType();
        reqBody.setReqInfo("foobar");
        reqHeader = new EchoType();
        reqHeader.setReqInfo("foobar");
        response = helloPort.echo(reqBody, reqHeader);
        assertEquals("foobarfoobar", response.getRespInfo());
    </client>

    <client>
        <description>
            test NULL parameter to test BP 1.1 R2211 violation
        </description>
        reqHeader = new EchoType();
        reqHeader.setReqInfo("foobar");
        try{
            EchoResponseType response = helloPort.echo(null, reqHeader);
            assertTrue(false);
        }catch(WebServiceException e){
            assertTrue(true);
        }
    </client>

    <client>
        <description>
            Test Null parameter on the server, BP 1.1 R2211 violation
        </description>
        of = new ObjectFactory();
        reqBody = new EchoType();
        reqBody.setReqInfo("sendNull");
        reqHeader = new EchoType();
        reqHeader.setReqInfo("foobar");
        try{
            response = helloPort.echo(reqBody, reqHeader);
            assertTrue(false);
        }catch(WebServiceException e){
            assertTrue(true);
        }
    </client>

    <client>
        <description>
            Test echo1().
        </description>
        req = new Holder("Hello");
        helloPort.echo1(req);
        assertEquals("Hello World!", req.value);
    </client>

    <client>
        <description>
            Test echo2()
        </description>

        of = new ObjectFactory();
        reqBody = of.createEchoType();
        reqBody.setReqInfo("foobar");
        req1Header = of.createEchoType();
        req1Header.setReqInfo("foobar");
        req2Header = of.createEcho2Type();
        req2Header.setReqInfo("foobar");
        response = helloPort.echo2(reqBody, req1Header, req2Header);
        assertEquals("foobarfoobarfoobar", response.getRespInfo());
    </client>
    <service basedir="./server">
        <wsdl href="header.wsdl"/>
    </service>
</descriptor>