<descriptor since="2.0">
  <description>This is a fromjava type substitution test</description>
  <client href ="test.bsh" since="2.0"/>
  <service basedir="./server">
    <wsdl href="CarDealerService.wsdl"/>
  </service>
</descriptor>

