<descriptor since="2.0">
  <description>Asynchronous fault handling with doc/lit</description>
  <service basedir="./server">
    <wsdl href="hello_test.wsdl" />
  </service>
  <pre-client>
    req = new Hello_Type();
    req.setArgument("foo");
    req.setExtra("bar");

    // wait for the completion of the requets
    block(response) {
      System.out.print("\npolling for response ...");
      while (!response.isDone())
        Thread.yield();
    }
  </pre-client>
  <client><![CDATA[
    try{
        helloPort.hello(req);
        fail();
    } catch(Exception e){
        System.out.println("e is " + e.getClass().getName());
        assertTrue(e instanceof HelloFault);
    }
  ]]></client>
  <client><![CDATA[
    try{
      block(helloPort.helloAsync(req));
      fail();
    } catch(Exception e){
      assertTrue(e instanceof ExecutionException);
      assertTrue(e.getCause() instanceof HelloFault);
    }
  ]]></client>
  <client><![CDATA[
    response = helloPort.helloAsync(req, new HelloCallbackHandler());
    block();
  ]]></client>
</descriptor>
