<descriptor since="2.1" uses="ri-api">
  <description>Endpoint API</description>

</descriptor>
