<descriptor since="2.2.6" bugs="jaxws-881">
    <description>JAX_WS-881: reusing JAXBContext causes NPE</description>
    <service basedir="./server" />
</descriptor>