<descriptor since="2.2.6">
    <description>This is WebMethod legacy test</description>

    <system-properties>com.sun.xml.ws.legacyWebMethod=true</system-properties>

    <client name="method_has_WebMethod" sideEffectFree="true">
        <description>method_has_WebMethod</description>
        <![CDATA[
            assertEquals("str", testImplPort.method1("str"));
        ]]>
    </client>

    <client name="legacy_no_WebMethod" sideEffectFree="true">
        <description>legacy_no_WebMethod</description>
        <![CDATA[
            clazz = fromjava.webmethod.legacy.withWebMethod.client.TestImpl.class;
            methods = clazz.getMethods();
            assertEquals(2, methods.length);
            try {
              testImplPort.getClass().getMethod("method2", new Class[]{String.class});
              fail("method2 shouldn't be a Web Method");
            } catch(NoSuchMethodException e) {
            }
        ]]>
    </client>

    <service basedir="./server"/>
</descriptor>
