<descriptor since="2.1.5" uses="ri">
    <description>End to End WSA Interop tests </description>
    <service basedir="./server">
        <wsdl href="wsaTestService.wsdl"/>
    </service>  
</descriptor>
