<descriptor since="2.0">
    <description>Randon fromwsdl tests</description>
    <service basedir="./server">
        <wsdl href="HelloService.wsdl"/>
    </service>
</descriptor>
