<descriptor since="2.2.6" bugs="jaxws-1015">
    <description>JAX_WS-1015: BUG with Content-type having action paramter as Mandatory</description>
    <service basedir="./server">
        <wsdl href="AddNumbers.wsdl"/>
    </service>
</descriptor>