<descriptor since="2.1.8" uses="ri">
    <description>Schema Validaiton using separate schema file</description>

    <service basedir="./server">
        <wsdl href="AddNumbers.wsdl"/>
    </service>
</descriptor>
