<descriptor since="2.0" >
  <description>Multi threaded test</description>
    
  <service basedir="./server">
    <wsdl href="header.wsdl"/>
  </service>

</descriptor>
