<descriptor since="2.0">
  <description>This is a fromwsdl doc/lit fault test</description>
  <client href ="test.bsh" />
  <service basedir="./server">
    <wsdl href="fault.wsdl"/>
  </service>
</descriptor>